>>Eve Init Succeed!
[Master] start ...
>>Eve Init Succeed!
[Worker] start worker ...4
>>Eve Init Succeed!
[Worker] is Running ...
[Worker] is Running ...
>>Eve Init Succeed!
[Worker] start worker ...3
[Worker] is Running ...
>>Eve Init Succeed!
[Worker] start worker ...1
[Worker] is Running ...
[0mGET /eve [32m200 [0m35.226 ms - 7349[0m
[0mGET /static/eve/css/robert.css [32m200 [0m13.665 ms - 4235[0m
[0mGET /static/eve/lib/resig-tmpl.js [32m200 [0m5.288 ms - 1727[0m
[0mGET /static/eve/img/0.png [32m200 [0m12.761 ms - 13946[0m
[0mGET /static/eve/lib/seajs/sea-debug.js [32m200 [0m3.417 ms - 33835[0m
[0mGET /static/eve/lib/jquery/jquery.extra.js [32m200 [0m1.743 ms - 8675[0m
[0mGET /static/eve/lib/jquery/jquery-2.1.1.js [32m200 [0m3.766 ms - 247350[0m
[0mGET /static/eve/lib/socket.io/socket.io-1.1.0.js [32m200 [0m2.010 ms - 81950[0m
[0mGET /static/eve/lib/parallax.js [32m200 [0m1.426 ms - 17573[0m
[0mGET /static/eve/css/ui.css [32m200 [0m356.734 ms - 7140[0m
[0mGET /static/eve/css/app.css [32m200 [0m388.147 ms - 386[0m
[0mGET /static/eve/css/normalize.css [32m200 [0m388.517 ms - 1937[0m
[0mGET /static/eve/img/soft-index-bg.jpg [32m200 [0m7.234 ms - 749418[0m
[0mGET /static/eve/robert/pageMain.js?seajsts=1422503830904 [32m200 [0m3.076 ms - 228[0m
[0mGET /static/eve/robert/main.js?seajsts=1422503830904 [32m200 [0m2.074 ms - 18818[0m
[0mGET /static/eve/robert/bgTrans.js?seajsts=1422503830904 [32m200 [0m1.662 ms - 17205[0m
[0mGET /static/eve/robert/robert.config.js?seajsts=1422503830904 [32m200 [0m1.472 ms - 3869[0m
[0mGET /static/eve/robert/stone.bro.js?seajsts=1422503830904 [32m200 [0m3.363 ms - 62626[0m
[0mGET /static/favicon.ico [36m304 [0m2.446 ms - -[0m
[0mGET /static/eve/img/ani_sleep.gif [32m200 [0m1.894 ms - 6761[0m
[0mGET /static/eve/img/0.png [32m200 [0m1.789 ms - 13946[0m
[0mGET /eve [32m200 [0m16.792 ms - 7349[0m
[0mGET /static/eve/css/app.css [32m200 [0m4.145 ms - 386[0m
[0mGET /static/eve/img/0.png [32m200 [0m1.456 ms - 13946[0m
[0mGET /static/eve/css/normalize.css [32m200 [0m3.186 ms - 1937[0m
[0mGET /static/eve/css/ui.css [32m200 [0m3.966 ms - 7140[0m
[0mGET /static/eve/lib/resig-tmpl.js [32m200 [0m1.306 ms - 1727[0m
[0mGET /static/eve/lib/jquery/jquery-2.1.1.js [32m200 [0m2.769 ms - 247350[0m
[0mGET /static/eve/lib/seajs/sea-debug.js [32m200 [0m1.224 ms - 33835[0m
[0mGET /static/eve/lib/jquery/jquery.extra.js [32m200 [0m1.410 ms - 8675[0m
[0mGET /static/eve/lib/socket.io/socket.io-1.1.0.js [32m200 [0m1.855 ms - 81950[0m
[0mGET /static/eve/lib/parallax.js [32m200 [0m1.824 ms - 17573[0m
[0mGET /static/eve/css/robert.css [32m200 [0m343.875 ms - 4235[0m
[0mGET /static/eve/img/soft-index-bg.jpg [32m200 [0m4.802 ms - 749418[0m
[0mGET /static/eve/robert/pageMain.js?seajsts=1422503846070 [32m200 [0m1.965 ms - 228[0m
[0mGET /static/eve/robert/main.js?seajsts=1422503846070 [32m200 [0m1.534 ms - 18818[0m
[0mGET /static/eve/robert/robert.config.js?seajsts=1422503846070 [32m200 [0m1.272 ms - 3869[0m
[0mGET /static/eve/robert/bgTrans.js?seajsts=1422503846070 [32m200 [0m3.564 ms - 17205[0m
[0mGET /static/eve/robert/stone.bro.js?seajsts=1422503846070 [32m200 [0m1.259 ms - 62626[0m
[0mGET /static/eve/img/2.png [32m200 [0m1.242 ms - 15172[0m
[0mGET /message?c=wow [32m200 [0m28.189 ms - 132[0m
[0mGET /static/eve/emoji/img/lalala.gif [32m200 [0m2.244 ms - 43677[0m
[0mGET /message?c=clear [32m200 [0m17.129 ms - 133[0m
[0mGET /message?c=hello [32m200 [0m0.994 ms - 44[0m
[0mGET /static/eve/img/ani_sleep.gif [32m200 [0m2.653 ms - 6761[0m
[0mGET /static/eve/img/0.png [32m200 [0m1.746 ms - 13946[0m
[0mGET /static/eve/img/2.png [32m200 [0m1.591 ms - 15172[0m
[0mGET /static/eve/img/2.png [32m200 [0m2.100 ms - 15172[0m
[0mGET /message?c=%E4%BD%A0%E5%A5%BD [32m200 [0m0.796 ms - 48[0m
[0mGET /static/eve/img/ani_sleep.gif [32m200 [0m2.009 ms - 6761[0m
[0mGET /message?c=%E4%BA%91 [32m200 [0m12.636 ms - 125[0m
[0mGET /static/eve/emoji/img/lalala.gif [32m200 [0m3.111 ms - 43677[0m
[0mGET /message?c=%E6%96%87%E9%BE%99 [32m200 [0m0.840 ms - 57[0m
[0mGET /message?c=%E8%AE%B8%E6%96%87%E9%BE%99 [32m200 [0m0.766 ms - 51[0m
[0mGET /message?c=%E4%BD%A0%E5%A4%A7%E7%88%B7 [32m200 [0m11.126 ms - 146[0m
[0mGET /static/eve/emoji/img/lalala.gif [32m200 [0m1.421 ms - 43677[0m
[0mGET /message?c=%E4%BD%A0%E5%A4%A7%E7%88%B7 [32m200 [0m12.157 ms - 146[0m
[0mGET /message?c=%E5%A4%A7%E7%88%B7 [32m200 [0m15.235 ms - 140[0m
[0mGET /message?c=fuck [32m200 [0m1.709 ms - 50[0m
[0mGET /message?c=what [32m200 [0m0.649 ms - 48[0m
[0mGET /static/eve/img/0.png [32m200 [0m1.609 ms - 13946[0m
[0mGET /eve [32m200 [0m12.769 ms - 7349[0m
[0mGET /static/eve/css/app.css [32m200 [0m2.704 ms - 386[0m
[0mGET /static/eve/css/ui.css [32m200 [0m4.717 ms - 7140[0m
[0mGET /static/eve/css/normalize.css [32m200 [0m2.466 ms - 1937[0m
[0mGET /static/eve/css/robert.css [32m200 [0m2.619 ms - 4235[0m
[0mGET /static/eve/img/0.png [32m200 [0m2.045 ms - 13946[0m
[0mGET /static/eve/lib/resig-tmpl.js [32m200 [0m1.316 ms - 1727[0m
[0mGET /static/eve/lib/seajs/sea-debug.js [32m200 [0m1.500 ms - 33835[0m
[0mGET /static/eve/lib/jquery/jquery-2.1.1.js [32m200 [0m3.148 ms - 247350[0m
[0mGET /static/eve/lib/jquery/jquery.extra.js [32m200 [0m1.125 ms - 8675[0m
[0mGET /static/eve/lib/socket.io/socket.io-1.1.0.js [32m200 [0m3.825 ms - 81950[0m
[0mGET /static/eve/lib/parallax.js [32m200 [0m1.049 ms - 17573[0m
[0mGET /static/eve/img/soft-index-bg.jpg [32m200 [0m3.341 ms - 749418[0m
[0mGET /static/eve/robert/pageMain.js?seajsts=1422503901867 [32m200 [0m3.977 ms - 228[0m
[0mGET /static/eve/robert/main.js?seajsts=1422503901867 [32m200 [0m1.371 ms - 18818[0m
[0mGET /static/eve/robert/robert.config.js?seajsts=1422503901867 [32m200 [0m1.990 ms - 3869[0m
[0mGET /static/eve/robert/stone.bro.js?seajsts=1422503901867 [32m200 [0m1.712 ms - 62626[0m
[0mGET /static/eve/robert/bgTrans.js?seajsts=1422503901867 [32m200 [0m1.407 ms - 17205[0m
[0mGET /static/eve/img/ani_sleep.gif [32m200 [0m2.049 ms - 6761[0m
[0mGET /static/eve/img/0.png [32m200 [0m4.168 ms - 13946[0m
[0mGET /static/eve/img/ani_sleep.gif [32m200 [0m1.630 ms - 6761[0m
